  Ball.cpp
C:\Users\anand\Documents\GitHub\PingPong\PingPong\Ball.cpp(21,15): warning C4244: 'initializing': conversion from 'int' to 'float', possible loss of data
C:\Users\anand\Documents\GitHub\PingPong\PingPong\Ball.cpp(30,15): warning C4244: 'initializing': conversion from 'int' to 'float', possible loss of data
C:\Users\anand\Documents\GitHub\PingPong\PingPong\Ball.cpp(31,20): warning C4244: '=': conversion from 'float' to 'int', possible loss of data
  Game.cpp
C:\Users\anand\Documents\GitHub\PingPong\PingPong\Game.cpp(14,62): warning C4244: 'argument': conversion from 'T' to 'T', possible loss of data
          with
          [
              T=unsigned int
          ]
          and
          [
              T=float
          ]
C:\Users\anand\Documents\GitHub\PingPong\PingPong\Game.cpp(19,67): warning C4244: 'argument': conversion from 'T' to 'T', possible loss of data
          with
          [
              T=unsigned int
          ]
          and
          [
              T=float
          ]
C:\Users\anand\Documents\GitHub\PingPong\PingPong\Game.cpp(20,95): warning C4244: 'argument': conversion from 'T' to 'T', possible loss of data
          with
          [
              T=unsigned int
          ]
          and
          [
              T=float
          ]
C:\Users\anand\Documents\GitHub\PingPong\PingPong\Game.cpp(20,65): warning C4244: 'argument': conversion from 'T' to 'T', possible loss of data
          with
          [
              T=unsigned int
          ]
          and
          [
              T=float
          ]
C:\Users\anand\Documents\GitHub\PingPong\PingPong\Game.cpp(21,100): warning C4244: 'argument': conversion from 'T' to 'T', possible loss of data
          with
          [
              T=unsigned int
          ]
          and
          [
              T=float
          ]
C:\Users\anand\Documents\GitHub\PingPong\PingPong\Game.cpp(21,70): warning C4244: 'argument': conversion from 'T' to 'T', possible loss of data
          with
          [
              T=unsigned int
          ]
          and
          [
              T=float
          ]
C:\Users\anand\Documents\GitHub\PingPong\PingPong\Game.cpp(25,62): warning C4244: 'argument': conversion from 'T' to 'T', possible loss of data
          with
          [
              T=unsigned int
          ]
          and
          [
              T=float
          ]
C:\Users\anand\Documents\GitHub\PingPong\PingPong\Game.cpp(29,67): warning C4244: 'argument': conversion from 'T' to 'T', possible loss of data
          with
          [
              T=unsigned int
          ]
          and
          [
              T=float
          ]
C:\Users\anand\Documents\GitHub\PingPong\PingPong\Game.cpp(79,63): warning C4244: 'argument': conversion from 'T' to 'T', possible loss of data
          with
          [
              T=unsigned int
          ]
          and
          [
              T=float
          ]
C:\Users\anand\Documents\GitHub\PingPong\PingPong\Game.cpp(83,69): warning C4244: 'argument': conversion from 'T' to 'T', possible loss of data
          with
          [
              T=unsigned int
          ]
          and
          [
              T=float
          ]
  PingPong.cpp
  Player.cpp
  Generating code
  Previous IPDB not found, fall back to full compilation.
  All 114 functions were compiled because no usable IPDB/IOBJ from previous compilation was found.
  Finished generating code
  PingPong.vcxproj -> C:\Users\anand\Documents\GitHub\PingPong\Release\PingPong.exe
